android/app/build/intermediates/manifest_merge_blame_file/release/manifest-merger-blame-release-report.txt
1<?xml version="1.0" encoding="utf-8"?>
2<manifest xmlns:android="http://schemas.android.com/apk/res/android"
3    package="com.vegantify"
4    android:versionCode="1"
5    android:versionName="1.0" >
6
7    <uses-sdk
8        android:minSdkVersion="16"
8-->src/main/AndroidManifest.xml
9        android:targetSdkVersion="29" />
9-->src/main/AndroidManifest.xml
10
11    <uses-permission android:name="android.permission.INTERNET" />
11-->src/main/AndroidManifest.xml:4:5-67
11-->src/main/AndroidManifest.xml:4:22-64
12    <uses-permission android:name="android.permission.ACCESS_COARSE_LOCATION" /> <!-- Include required permissions for Google Maps API to run. -->
12-->[:react-native-maps] AndroidManifest.xml:10:5-81
12-->[:react-native-maps] AndroidManifest.xml:10:22-78
13    <uses-permission android:name="android.permission.ACCESS_NETWORK_STATE" />
13-->[com.google.android.gms:play-services-maps:17.0.0] AndroidManifest.xml:23:5-79
13-->[com.google.android.gms:play-services-maps:17.0.0] AndroidManifest.xml:23:22-76
14
15    <uses-feature
15-->[com.google.android.gms:play-services-maps:17.0.0] AndroidManifest.xml:26:5-28:35
16        android:glEsVersion="0x00020000"
16-->[com.google.android.gms:play-services-maps:17.0.0] AndroidManifest.xml:27:9-41
17        android:required="true" />
17-->[com.google.android.gms:play-services-maps:17.0.0] AndroidManifest.xml:28:9-32
18
19    <application
19-->src/main/AndroidManifest.xml:8:5-35:19
20        android:name="com.vegantify.MainApplication"
20-->src/main/AndroidManifest.xml:9:7-38
21        android:allowBackup="false"
21-->src/main/AndroidManifest.xml:13:7-34
22        android:appComponentFactory="androidx.core.app.CoreComponentFactory"
22-->[androidx.core:core:1.2.0] AndroidManifest.xml:24:18-86
23        android:icon="@mipmap/ic_launcher"
23-->src/main/AndroidManifest.xml:11:7-41
24        android:label="@string/app_name"
24-->src/main/AndroidManifest.xml:10:7-39
25        android:roundIcon="@mipmap/ic_launcher_round"
25-->src/main/AndroidManifest.xml:12:7-52
26        android:theme="@style/AppTheme" >
26-->src/main/AndroidManifest.xml:14:7-38
27        <meta-data
27-->src/main/AndroidManifest.xml:15:9-17:70
28            android:name="com.google.android.geo.API_KEY"
28-->src/main/AndroidManifest.xml:16:13-58
29            android:value="AIzaSyASG-1IzhoZCS5GMip1PNlU_ox-QtxvNhE" />
29-->src/main/AndroidManifest.xml:17:13-68
30
31        <!-- You will also only need to add this uses-library tag -->
32        <uses-library
32-->src/main/AndroidManifest.xml:20:9-87
33            android:name="org.apache.http.legacy"
33-->src/main/AndroidManifest.xml:20:23-60
34            android:required="false" />
34-->src/main/AndroidManifest.xml:20:61-85
35
36        <activity
36-->src/main/AndroidManifest.xml:23:7-33:18
37            android:name="com.vegantify.MainActivity"
37-->src/main/AndroidManifest.xml:24:9-37
38            android:configChanges="keyboard|keyboardHidden|orientation|screenSize|uiMode"
38-->src/main/AndroidManifest.xml:26:9-86
39            android:label="@string/app_name"
39-->src/main/AndroidManifest.xml:25:9-41
40            android:launchMode="singleTask"
40-->src/main/AndroidManifest.xml:27:9-40
41            android:windowSoftInputMode="adjustResize" >
41-->src/main/AndroidManifest.xml:28:9-51
42            <intent-filter>
42-->src/main/AndroidManifest.xml:29:9-32:25
43                <action android:name="android.intent.action.MAIN" />
43-->src/main/AndroidManifest.xml:30:13-65
43-->src/main/AndroidManifest.xml:30:21-62
44
45                <category android:name="android.intent.category.LAUNCHER" />
45-->src/main/AndroidManifest.xml:31:13-73
45-->src/main/AndroidManifest.xml:31:23-70
46            </intent-filter>
47        </activity>
48        <activity android:name="com.facebook.react.devsupport.DevSettingsActivity" />
48-->src/main/AndroidManifest.xml:34:7-84
48-->src/main/AndroidManifest.xml:34:17-81
49        <activity
49-->[com.google.android.gms:play-services-base:17.2.1] AndroidManifest.xml:23:9-26:75
50            android:name="com.google.android.gms.common.api.GoogleApiActivity"
50-->[com.google.android.gms:play-services-base:17.2.1] AndroidManifest.xml:24:13-79
51            android:exported="false"
51-->[com.google.android.gms:play-services-base:17.2.1] AndroidManifest.xml:25:13-37
52            android:theme="@android:style/Theme.Translucent.NoTitleBar" />
52-->[com.google.android.gms:play-services-base:17.2.1] AndroidManifest.xml:26:13-72
53
54        <meta-data
54-->[com.google.android.gms:play-services-basement:17.2.1] AndroidManifest.xml:23:9-25:69
55            android:name="com.google.android.gms.version"
55-->[com.google.android.gms:play-services-basement:17.2.1] AndroidManifest.xml:24:13-58
56            android:value="@integer/google_play_services_version" />
56-->[com.google.android.gms:play-services-basement:17.2.1] AndroidManifest.xml:25:13-66
57    </application>
58
59</manifest>